#
# There is insufficient memory for the Java Runtime Environment to continue.
# Native memory allocation (malloc) failed to allocate 1048576 bytes for AllocateHeap
# Possible reasons:
#   The system is out of physical RAM or swap space
#   In 32 bit mode, the process size limit was hit
# Possible solutions:
#   Reduce memory load on the system
#   Increase physical memory or swap space
#   Check if swap backing store is full
#   Use 64 bit Java on a 64 bit OS
#   Decrease Java heap size (-Xmx/-Xms)
#   Decrease number of Java threads
#   Decrease Java thread stack sizes (-Xss)
#   Set larger code cache with -XX:ReservedCodeCacheSize=
# This output file may be truncated or incomplete.
#
#  Out of Memory Error (memory/allocation.inline.hpp:62), pid=10852, tid=13820
#
# JRE version:  (8.0_31-b13) (build )
# Java VM: Java HotSpot(TM) 64-Bit Server VM (25.31-b07 mixed mode windows-amd64 compressed oops)
# Failed to write core dump. Minidumps are not enabled by default on client versions of Windows
#

---------------  T H R E A D  ---------------

Current thread (0x0000000003333800):  JavaThread "Unknown thread" [_thread_in_vm, id=13820, stack(0x0000000002e70000,0x0000000002f70000)]

Stack: [0x0000000002e70000,0x0000000002f70000]
Native frames: (J=compiled Java code, j=interpreted, Vv=VM code, C=native code)
V  [jvm.dll+0x3169ba]
V  [jvm.dll+0x2674c3]
V  [jvm.dll+0x268103]
V  [jvm.dll+0x25f8f5]
V  [jvm.dll+0x3df90f]
V  [jvm.dll+0x3e044f]
V  [jvm.dll+0x3e0564]
V  [jvm.dll+0x3e0733]
V  [jvm.dll+0xe54d2]
V  [jvm.dll+0x1fa089]
V  [jvm.dll+0x22b694]
V  [jvm.dll+0x14d8c1]
C  [java.exe+0x20b6]
C  [java.exe+0xc9bb]
C  [java.exe+0xca4f]
C  [KERNEL32.DLL+0x8364]
C  [ntdll.dll+0x670d1]


---------------  P R O C E S S  ---------------

Java Threads: ( => current thread )

Other Threads:

=>0x0000000003333800 (exited) JavaThread "Unknown thread" [_thread_in_vm, id=13820, stack(0x0000000002e70000,0x0000000002f70000)]

VM state:not at safepoint (normal execution)

VM Mutex/Monitor currently owned by a thread: None

Heap:
 PSYoungGen      total 38400K, used 665K [0x0000000780000000, 0x0000000782a80000, 0x00000007c0000000)
  eden space 33280K, 2% used [0x0000000780000000,0x00000007800a6670,0x0000000782080000)
  from space 5120K, 0% used [0x0000000782580000,0x0000000782580000,0x0000000782a80000)
  to   space 5120K, 0% used [0x0000000782080000,0x0000000782080000,0x0000000782580000)
 ParOldGen       total 87552K, used 0K [0x0000000700000000, 0x0000000705580000, 0x0000000780000000)
  object space 87552K, 0% used [0x0000000700000000,0x0000000700000000,0x0000000705580000)
 Metaspace       used 677K, capacity 4480K, committed 4480K, reserved 1056768K
  class space    used 67K, capacity 384K, committed 384K, reserved 1048576K

Card table byte_map: [0x00000000127f0000,0x0000000012e00000] byte_map_base: 0x000000000eff0000

Marking Bits: (ParMarkBitMap*) 0x000000006fd1d4f0
 Begin Bits: [0x0000000013600000, 0x0000000016600000)
 End Bits:   [0x0000000016600000, 0x0000000019600000)

Polling page: 0x0000000001120000

CodeCache: size=245760Kb used=327Kb max_used=327Kb free=245432Kb
 bounds [0x0000000003430000, 0x00000000036a0000, 0x0000000012430000]
 total_blobs=56 nmethods=0 adapters=37
 compilation: enabled

Compilation events (0 events):
No events

GC Heap History (0 events):
No events

Deoptimization events (0 events):
No events

Internal exceptions (0 events):
No events

Events (10 events):
Event: 0.050 loading class java/lang/Short
Event: 0.050 loading class java/lang/Short done
Event: 0.050 loading class java/lang/Integer
Event: 0.050 loading class java/lang/Integer done
Event: 0.050 loading class java/lang/Long
Event: 0.050 loading class java/lang/Long done
Event: 0.051 loading class java/lang/NullPointerException
Event: 0.051 loading class java/lang/NullPointerException done
Event: 0.051 loading class java/lang/ArithmeticException
Event: 0.051 loading class java/lang/ArithmeticException done


Dynamic libraries:
0x00007ff62fb40000 - 0x00007ff62fb74000 	D:\program files\Java\jdk1.8.0_31\bin\java.exe
0x00007ff8becd0000 - 0x00007ff8beea1000 	C:\WINDOWS\SYSTEM32\ntdll.dll
0x00007ff8bc410000 - 0x00007ff8bc4bb000 	C:\WINDOWS\System32\KERNEL32.DLL
0x00007ff8bb2d0000 - 0x00007ff8bb4ed000 	C:\WINDOWS\System32\KERNELBASE.dll
0x00007ff8bc360000 - 0x00007ff8bc402000 	C:\WINDOWS\System32\ADVAPI32.dll
0x00007ff8be7e0000 - 0x00007ff8be87e000 	C:\WINDOWS\System32\msvcrt.dll
0x00007ff8be880000 - 0x00007ff8be8d9000 	C:\WINDOWS\System32\sechost.dll
0x00007ff8bdef0000 - 0x00007ff8be011000 	C:\WINDOWS\System32\RPCRT4.dll
0x00007ff8beb50000 - 0x00007ff8becb5000 	C:\WINDOWS\System32\USER32.dll
0x00007ff8bb780000 - 0x00007ff8bb79e000 	C:\WINDOWS\System32\win32u.dll
0x00007ff8bc260000 - 0x00007ff8bc294000 	C:\WINDOWS\System32\GDI32.dll
0x00007ff8bb540000 - 0x00007ff8bb6c2000 	C:\WINDOWS\System32\gdi32full.dll
0x00007ff8b27d0000 - 0x00007ff8b2a49000 	C:\WINDOWS\WinSxS\amd64_microsoft.windows.common-controls_6595b64144ccf1df_6.0.14393.447_none_42191651c6827bb3\COMCTL32.dll
0x00007ff8be3a0000 - 0x00007ff8be668000 	C:\WINDOWS\System32\combase.dll
0x00007ff8bc160000 - 0x00007ff8bc255000 	C:\WINDOWS\System32\ucrtbase.dll
0x00007ff8bb7a0000 - 0x00007ff8bb80a000 	C:\WINDOWS\System32\bcryptPrimitives.dll
0x00007ff8be9e0000 - 0x00007ff8bea0e000 	C:\WINDOWS\System32\IMM32.DLL
0x000000006fda0000 - 0x000000006fe72000 	D:\program files\Java\jdk1.8.0_31\jre\bin\msvcr100.dll
0x000000006f540000 - 0x000000006fd9a000 	D:\program files\Java\jdk1.8.0_31\jre\bin\server\jvm.dll
0x00007ff8bc8f0000 - 0x00007ff8bc8f8000 	C:\WINDOWS\System32\PSAPI.DLL
0x00007ff8b9610000 - 0x00007ff8b9633000 	C:\WINDOWS\SYSTEM32\WINMM.dll
0x00007ff8a9e80000 - 0x00007ff8a9e89000 	C:\WINDOWS\SYSTEM32\WSOCK32.dll
0x00007ff8bde80000 - 0x00007ff8bdeea000 	C:\WINDOWS\System32\WS2_32.dll
0x0000000001610000 - 0x000000000163b000 	C:\WINDOWS\SYSTEM32\WINMMBASE.dll
0x00007ff8bb4f0000 - 0x00007ff8bb532000 	C:\WINDOWS\System32\cfgmgr32.dll
0x000000006f530000 - 0x000000006f53f000 	D:\program files\Java\jdk1.8.0_31\jre\bin\verify.dll
0x000000006f500000 - 0x000000006f528000 	D:\program files\Java\jdk1.8.0_31\jre\bin\java.dll
0x000000006f4e0000 - 0x000000006f4f6000 	D:\program files\Java\jdk1.8.0_31\jre\bin\zip.dll
0x00007ff8aa140000 - 0x00007ff8aa2d2000 	C:\WINDOWS\SYSTEM32\dbghelp.dll

VM Arguments:
jvm_args: -Xverify:none -Xmx3g -DlicenseType=FREE -DuserEmail=515769618@qq.com -DserviceId=1497429784100 -DprojectJdk=D:/program files/Java/jdk1.8.0_31 -DgradleArguments=--configure-on-demand -DbundledM2RepoPath=D:\program files\Android\Android Studio2.3.2\gradle\m2repository -DmoduleGradlePath=:app -DlogsDir=C:\Users\Administrator\.jrebel-android\logs\com.zxg.mzitu -DdataDir=C:\Users\Administrator\.jrebel-android\data\com.zxg.mzitu -DprojectRandomId=mo2rGWwDiIfIBdeCMQWXiEFZnBmE1119TtoiJlr54Hw= -DapplicationBuildVariant=debug -DprojectRoot=D:/git_app/Mzitu -XX:+PrintGCDetails -XX:+PrintGCDateStamps -XX:+PrintGCTimeStamps -Xloggc:C:\Users\Administrator\.jrebel-android\logs\com.zxg.mzitu\jr-android-gc.log -Ddevice=emulator-5554 -DdeviceDensity=420 -DdeviceAbis=x86 -DdeviceVersion=23 -DideAndServiceCommunicationPort=57030 -DjrebelAndroidHomeDir=C:\Users\Administrator\.jrebel-android -Didea.launcher.port=7533 -Didea.launcher.bin.path=D:\program files\Android\Android Studio2.3.2\bin -Dfile.encoding=GBK 
java_command: com.intellij.rt.execution.application.AppMain com.zt.jrebel.android.service.boot.ServiceBoot
java_class_path (initial): C:\Users\Administrator\.jrebel-android\distributions\2.2.36_20170613113626\jr-android.jar;D:\program files\Android\Android Studio2.3.2\lib\idea_rt.jar
Launcher Type: SUN_STANDARD

Environment Variables:
JAVA_HOME=D:/program files/Java/jdk1.8.0_31
CLASSPATH=.;D:\program files\Java\jdk1.8.0_31\lib;D:\program files\Java\jdk1.8.0_31\lib\tools.jar
PATH=D:\Programs\Python\Python35\Scripts\;D:\Programs\Python\Python35\;C:\ProgramData\Oracle\Java\javapath;C:\PROGRAM FILES\DELL\DW WLAN CARD;C:\WINDOWS\SYSTEM32;C:\WINDOWS;C:\WINDOWS\SYSTEM32\WBEM;C:\WINDOWS\SYSTEM32\WINDOWSPOWERSHELL\V1.0\;C:\PROGRAM FILES (X86)\NVIDIA CORPORATION\PHYSX\COMMON;C:\WINDOWS\SYSTEM32;C:\WINDOWS;C:\WINDOWS\SYSTEM32\WBEM;C:\WINDOWS\SYSTEM32\WINDOWSPOWERSHELL\V1.0\;D:\program files\Java\jdk1.8.0_31\BIN;D:\program files\Java\jdk1.8.0_31\JRE\BIN;C:\Program Files\WIDCOMM\Bluetooth Software\;C:\Program Files\WIDCOMM\Bluetooth Software\syswow64;F:\mysql-5.6.24-winx64\bin;C:\WINDOWS\system32;C:\WINDOWS;C:\WINDOWS\System32\Wbem;C:\WINDOWS\System32\WindowsPowerShell\v1.0\;D:\sdk\platform-tools;E:\Program Files (x86)\Git\cmd;C:\Program Files (x86)\Windows Kits\8.1\Windows Performance Toolkit\;¡°;D:\program files\Apache Software Foundation\apache-maven-3.5.0\bin¡±;D:\Program Files\VanDyke Software\Clients\;E:\Program File\Python\Scripts\;E:\Program File\Python\;C:\Users\Administrator\AppData\Local\Microsoft\WindowsApps;
USERNAME=Administrator
OS=Windows_NT
PROCESSOR_IDENTIFIER=Intel64 Family 6 Model 61 Stepping 4, GenuineIntel



---------------  S Y S T E M  ---------------

OS: Windows 8.1 , 64 bit Build 9600 

CPU:total 4 (2 cores per cpu, 2 threads per core) family 6 model 61 stepping 4, cmov, cx8, fxsr, mmx, sse, sse2, sse3, ssse3, sse4.1, sse4.2, popcnt, avx, avx2, aes, clmul, erms, lzcnt, ht, tsc, tscinvbit, bmi1, bmi2

Memory: 4k page, physical 8297712k(2254780k free), swap 13540592k(5008k free)

vm_info: Java HotSpot(TM) 64-Bit Server VM (25.31-b07) for windows-amd64 JRE (1.8.0_31-b13), built on Dec 17 2014 21:00:28 by "java_re" with MS VC++ 10.0 (VS2010)

time: Wed Jun 14 16:43:04 2017
elapsed time: 0 seconds (0d 0h 0m 0s)

