#
# There is insufficient memory for the Java Runtime Environment to continue.
# Native memory allocation (malloc) failed to allocate 102096 bytes for Chunk::new
# Possible reasons:
#   The system is out of physical RAM or swap space
#   In 32 bit mode, the process size limit was hit
# Possible solutions:
#   Reduce memory load on the system
#   Increase physical memory or swap space
#   Check if swap backing store is full
#   Use 64 bit Java on a 64 bit OS
#   Decrease Java heap size (-Xmx/-Xms)
#   Decrease number of Java threads
#   Decrease Java thread stack sizes (-Xss)
#   Set larger code cache with -XX:ReservedCodeCacheSize=
# This output file may be truncated or incomplete.
#
#  Out of Memory Error (allocation.cpp:390), pid=12496, tid=11728
#
# JRE version: Java(TM) SE Runtime Environment (8.0_31-b13) (build 1.8.0_31-b13)
# Java VM: Java HotSpot(TM) 64-Bit Server VM (25.31-b07 mixed mode windows-amd64 compressed oops)
# Failed to write core dump. Minidumps are not enabled by default on client versions of Windows
#

---------------  T H R E A D  ---------------

Current thread (0x000000001a0eb800):  JavaThread "C2 CompilerThread0" daemon [_thread_in_native, id=11728, stack(0x000000001ba20000,0x000000001bb20000)]

Stack: [0x000000001ba20000,0x000000001bb20000]
Native frames: (J=compiled Java code, j=interpreted, Vv=VM code, C=native code)
V  [jvm.dll+0x3169ba]
V  [jvm.dll+0x2674c3]
V  [jvm.dll+0x268103]
V  [jvm.dll+0x25f8f5]
V  [jvm.dll+0xbf025]
V  [jvm.dll+0xbf4cc]
V  [jvm.dll+0x45df82]
V  [jvm.dll+0x49f21f]
V  [jvm.dll+0x453401]
V  [jvm.dll+0x454124]
V  [jvm.dll+0x437c62]
V  [jvm.dll+0x988e2]
V  [jvm.dll+0x990d3]
V  [jvm.dll+0x22c194]
V  [jvm.dll+0x28576a]
C  [msvcr100.dll+0x21d9f]
C  [msvcr100.dll+0x21e3b]
C  [KERNEL32.DLL+0x8364]
C  [ntdll.dll+0x670d1]


Current CompileTask:
C2:   1598 1219   !   4       java.util.zip.InflaterInputStream::read (138 bytes)


---------------  P R O C E S S  ---------------

Java Threads: ( => current thread )
  0x000000001c494000 JavaThread "pool-2-thread-1" [_thread_blocked, id=10968, stack(0x000000001d3f0000,0x000000001d4f0000)]
  0x000000001c3e9800 JavaThread "OkHttp ConnectionPool" daemon [_thread_blocked, id=2004, stack(0x000000001d1f0000,0x000000001d2f0000)]
  0x000000001c3e8800 JavaThread "Okio Watchdog" daemon [_thread_blocked, id=10848, stack(0x000000001d0f0000,0x000000001d1f0000)]
  0x000000001c24a800 JavaThread "pool-3-thread-1" [_thread_blocked, id=10900, stack(0x000000001cef0000,0x000000001cff0000)]
  0x000000001c36c800 JavaThread "NanoHttpd Main Listener" daemon [_thread_in_native, id=12120, stack(0x000000001caf0000,0x000000001cbf0000)]
  0x000000001b56f000 JavaThread "Monitor Ctrl-Break" daemon [_thread_in_native, id=1876, stack(0x000000001bf20000,0x000000001c020000)]
  0x000000001b48c000 JavaThread "Service Thread" daemon [_thread_blocked, id=2136, stack(0x000000001bd20000,0x000000001be20000)]
  0x000000001a0f4000 JavaThread "C1 CompilerThread2" daemon [_thread_blocked, id=3820, stack(0x000000001bc20000,0x000000001bd20000)]
  0x000000001a0ed800 JavaThread "C2 CompilerThread1" daemon [_thread_in_native, id=5844, stack(0x000000001bb20000,0x000000001bc20000)]
=>0x000000001a0eb800 JavaThread "C2 CompilerThread0" daemon [_thread_in_native, id=11728, stack(0x000000001ba20000,0x000000001bb20000)]
  0x000000001b462800 JavaThread "Attach Listener" daemon [_thread_blocked, id=5992, stack(0x000000001b920000,0x000000001ba20000)]
  0x000000001a0e2800 JavaThread "Signal Dispatcher" daemon [_thread_blocked, id=10276, stack(0x000000001b820000,0x000000001b920000)]
  0x0000000002b8a000 JavaThread "Finalizer" daemon [_thread_blocked, id=11804, stack(0x000000001b320000,0x000000001b420000)]
  0x0000000002b81800 JavaThread "Reference Handler" daemon [_thread_blocked, id=11624, stack(0x000000001b220000,0x000000001b320000)]
  0x0000000002a94000 JavaThread "main" [_thread_in_native, id=11188, stack(0x00000000011e0000,0x00000000012e0000)]

Other Threads:
  0x000000001a096800 VMThread [stack: 0x000000001b120000,0x000000001b220000] [id=10228]
  0x000000001b497000 WatcherThread [stack: 0x000000001be20000,0x000000001bf20000] [id=9300]

VM state:not at safepoint (normal execution)

VM Mutex/Monitor currently owned by a thread: None

Heap:
 PSYoungGen      total 38400K, used 9810K [0x0000000780000000, 0x0000000782a80000, 0x00000007c0000000)
  eden space 33280K, 14% used [0x0000000780000000,0x0000000780496ac0,0x0000000782080000)
  from space 5120K, 99% used [0x0000000782080000,0x000000078257e0f8,0x0000000782580000)
  to   space 5120K, 0% used [0x0000000782580000,0x0000000782580000,0x0000000782a80000)
 ParOldGen       total 87552K, used 1831K [0x0000000700000000, 0x0000000705580000, 0x0000000780000000)
  object space 87552K, 2% used [0x0000000700000000,0x00000007001c9f18,0x0000000705580000)
 Metaspace       used 14386K, capacity 14618K, committed 14848K, reserved 1062912K
  class space    used 1861K, capacity 1948K, committed 2048K, reserved 1048576K

Card table byte_map: [0x0000000012320000,0x0000000012930000] byte_map_base: 0x000000000eb20000

Marking Bits: (ParMarkBitMap*) 0x000000006fd1d4f0
 Begin Bits: [0x0000000013130000, 0x0000000016130000)
 End Bits:   [0x0000000016130000, 0x0000000019130000)

Polling page: 0x0000000000ed0000

CodeCache: size=245760Kb used=4103Kb max_used=4103Kb free=241656Kb
 bounds [0x0000000002f60000, 0x0000000003370000, 0x0000000011f60000]
 total_blobs=1603 nmethods=1225 adapters=292
 compilation: enabled

Compilation events (10 events):
Event: 1.561 Thread 0x000000001a0f4000 nmethod 1216 0x000000000335a010 code [0x000000000335a180, 0x000000000335a4d0]
Event: 1.566 Thread 0x000000001a0f4000 1217       3       java.io.WinNTFileSystem::prefixLength (91 bytes)
Event: 1.567 Thread 0x000000001a0f4000 nmethod 1217 0x000000000335a590 code [0x000000000335a780, 0x000000000335b2e8]
Event: 1.571 Thread 0x000000001a0f4000 1218   !   3       sun.net.www.ParseUtil::decode (316 bytes)
Event: 1.572 Thread 0x000000001a0eb800 1219   !   4       java.util.zip.InflaterInputStream::read (138 bytes)
Event: 1.575 Thread 0x000000001a0f4000 nmethod 1218 0x000000000335b750 code [0x000000000335bc40, 0x000000000335f298]
Event: 1.575 Thread 0x000000001a0f4000 1220       3       java.io.File::<init> (47 bytes)
Event: 1.575 Thread 0x000000001a0f4000 nmethod 1220 0x0000000003361290 code [0x0000000003361420, 0x0000000003361788]
Event: 1.576 Thread 0x000000001a0f4000 1221       3       java.io.File::isInvalid (47 bytes)
Event: 1.577 Thread 0x000000001a0f4000 nmethod 1221 0x00000000033618d0 code [0x0000000003361a60, 0x0000000003361ea8]

GC Heap History (2 events):
Event: 1.438 GC heap before
{Heap before GC invocations=1 (full 0):
 PSYoungGen      total 38400K, used 33280K [0x0000000780000000, 0x0000000782a80000, 0x00000007c0000000)
  eden space 33280K, 100% used [0x0000000780000000,0x0000000782080000,0x0000000782080000)
  from space 5120K, 0% used [0x0000000782580000,0x0000000782580000,0x0000000782a80000)
  to   space 5120K, 0% used [0x0000000782080000,0x0000000782080000,0x0000000782580000)
 ParOldGen       total 87552K, used 0K [0x0000000700000000, 0x0000000705580000, 0x0000000780000000)
  object space 87552K, 0% used [0x0000000700000000,0x0000000700000000,0x0000000705580000)
 Metaspace       used 13696K, capacity 13932K, committed 14208K, reserved 1060864K
  class space    used 1747K, capacity 1850K, committed 1920K, reserved 1048576K
Event: 1.450 GC heap after
Heap after GC invocations=1 (full 0):
 PSYoungGen      total 38400K, used 5112K [0x0000000780000000, 0x0000000782a80000, 0x00000007c0000000)
  eden space 33280K, 0% used [0x0000000780000000,0x0000000780000000,0x0000000782080000)
  from space 5120K, 99% used [0x0000000782080000,0x000000078257e0f8,0x0000000782580000)
  to   space 5120K, 0% used [0x0000000782580000,0x0000000782580000,0x0000000782a80000)
 ParOldGen       total 87552K, used 1831K [0x0000000700000000, 0x0000000705580000, 0x0000000780000000)
  object space 87552K, 2% used [0x0000000700000000,0x00000007001c9f18,0x0000000705580000)
 Metaspace       used 13696K, capacity 13932K, committed 14208K, reserved 1060864K
  class space    used 1747K, capacity 1850K, committed 1920K, reserved 1048576K
}

Deoptimization events (8 events):
Event: 0.987 Thread 0x000000001c31c000 Uncommon trap: reason=bimorphic action=maybe_recompile pc=0x000000000329354c method=java.util.HashMap.putVal(ILjava/lang/Object;Ljava/lang/Object;ZZ)Ljava/lang/Object; @ 203
Event: 0.988 Thread 0x000000001c31c000 Uncommon trap: reason=bimorphic action=maybe_recompile pc=0x000000000329354c method=java.util.HashMap.putVal(ILjava/lang/Object;Ljava/lang/Object;ZZ)Ljava/lang/Object; @ 203
Event: 0.988 Thread 0x000000001c31c000 Uncommon trap: reason=bimorphic action=maybe_recompile pc=0x000000000329354c method=java.util.HashMap.putVal(ILjava/lang/Object;Ljava/lang/Object;ZZ)Ljava/lang/Object; @ 203
Event: 0.992 Thread 0x000000001c31c000 Uncommon trap: reason=bimorphic action=maybe_recompile pc=0x000000000329354c method=java.util.HashMap.putVal(ILjava/lang/Object;Ljava/lang/Object;ZZ)Ljava/lang/Object; @ 203
Event: 1.535 Thread 0x000000001c4a0000 Uncommon trap: reason=class_check action=maybe_recompile pc=0x0000000003236014 method=java.util.zip.InflaterInputStream.read([BII)I @ 100
Event: 1.535 Thread 0x000000001c4a0000 Uncommon trap: reason=class_check action=maybe_recompile pc=0x0000000003236014 method=java.util.zip.InflaterInputStream.read([BII)I @ 100
Event: 1.535 Thread 0x000000001c4a0000 Uncommon trap: reason=class_check action=maybe_recompile pc=0x0000000003236014 method=java.util.zip.InflaterInputStream.read([BII)I @ 100
Event: 1.535 Thread 0x000000001c4a0000 Uncommon trap: reason=class_check action=maybe_recompile pc=0x0000000003236014 method=java.util.zip.InflaterInputStream.read([BII)I @ 100

Internal exceptions (10 events):
Event: 1.561 Thread 0x000000001c4a0000 Exception <a 'java/security/PrivilegedActionException'> (0x000000078043d438) thrown at [C:\workspace\8-2-build-windows-amd64-cygwin\jdk8u31\2394\hotspot\src\share\vm\prims\jvm.cpp, line 1312]
Event: 1.561 Thread 0x000000001c4a0000 Exception <a 'java/security/PrivilegedActionException'> (0x000000078043de60) thrown at [C:\workspace\8-2-build-windows-amd64-cygwin\jdk8u31\2394\hotspot\src\share\vm\prims\jvm.cpp, line 1312]
Event: 1.561 Thread 0x000000001c4a0000 Exception <a 'java/security/PrivilegedActionException'> (0x00000007804409f8) thrown at [C:\workspace\8-2-build-windows-amd64-cygwin\jdk8u31\2394\hotspot\src\share\vm\prims\jvm.cpp, line 1312]
Event: 1.561 Thread 0x000000001c4a0000 Exception <a 'java/security/PrivilegedActionException'> (0x00000007804414a0) thrown at [C:\workspace\8-2-build-windows-amd64-cygwin\jdk8u31\2394\hotspot\src\share\vm\prims\jvm.cpp, line 1312]
Event: 1.561 Thread 0x000000001c4a0000 Exception <a 'java/security/PrivilegedActionException'> (0x0000000780444290) thrown at [C:\workspace\8-2-build-windows-amd64-cygwin\jdk8u31\2394\hotspot\src\share\vm\prims\jvm.cpp, line 1312]
Event: 1.561 Thread 0x000000001c4a0000 Exception <a 'java/security/PrivilegedActionException'> (0x0000000780444d58) thrown at [C:\workspace\8-2-build-windows-amd64-cygwin\jdk8u31\2394\hotspot\src\share\vm\prims\jvm.cpp, line 1312]
Event: 1.562 Thread 0x000000001c4a0000 Exception <a 'java/security/PrivilegedActionException'> (0x0000000780448480) thrown at [C:\workspace\8-2-build-windows-amd64-cygwin\jdk8u31\2394\hotspot\src\share\vm\prims\jvm.cpp, line 1312]
Event: 1.562 Thread 0x000000001c4a0000 Exception <a 'java/security/PrivilegedActionException'> (0x0000000780448ed8) thrown at [C:\workspace\8-2-build-windows-amd64-cygwin\jdk8u31\2394\hotspot\src\share\vm\prims\jvm.cpp, line 1312]
Event: 1.562 Thread 0x000000001c4a0000 Exception <a 'java/security/PrivilegedActionException'> (0x000000078044b6b8) thrown at [C:\workspace\8-2-build-windows-amd64-cygwin\jdk8u31\2394\hotspot\src\share\vm\prims\jvm.cpp, line 1312]
Event: 1.562 Thread 0x000000001c4a0000 Exception <a 'java/security/PrivilegedActionException'> (0x000000078044c1d0) thrown at [C:\workspace\8-2-build-windows-amd64-cygwin\jdk8u31\2394\hotspot\src\share\vm\prims\jvm.cpp, line 1312]

Events (10 events):
Event: 1.561 loading class org/gradle/tooling/internal/protocol/InternalCancellableConnection
Event: 1.561 loading class org/gradle/tooling/internal/protocol/InternalCancellableConnection done
Event: 1.562 loading class org/gradle/tooling/internal/protocol/StoppableConnection
Event: 1.562 loading class org/gradle/tooling/internal/protocol/StoppableConnection done
Event: 1.562 loading class org/gradle/tooling/internal/protocol/StoppableConnection
Event: 1.562 loading class org/gradle/tooling/internal/protocol/StoppableConnection done
Event: 1.562 loading class org/gradle/tooling/internal/protocol/test/InternalTestExecutionConnection
Event: 1.562 loading class org/gradle/tooling/internal/protocol/test/InternalTestExecutionConnection done
Event: 1.562 loading class org/gradle/tooling/internal/protocol/test/InternalTestExecutionConnection
Event: 1.562 loading class org/gradle/tooling/internal/protocol/test/InternalTestExecutionConnection done


Dynamic libraries:
0x00007ff62fb40000 - 0x00007ff62fb74000 	D:\program files\Java\jdk1.8.0_31\bin\java.exe
0x00007ff8becd0000 - 0x00007ff8beea1000 	C:\WINDOWS\SYSTEM32\ntdll.dll
0x00007ff8bc410000 - 0x00007ff8bc4bb000 	C:\WINDOWS\System32\KERNEL32.DLL
0x00007ff8bb2d0000 - 0x00007ff8bb4ed000 	C:\WINDOWS\System32\KERNELBASE.dll
0x00007ff8bc360000 - 0x00007ff8bc402000 	C:\WINDOWS\System32\ADVAPI32.dll
0x00007ff8be7e0000 - 0x00007ff8be87e000 	C:\WINDOWS\System32\msvcrt.dll
0x00007ff8be880000 - 0x00007ff8be8d9000 	C:\WINDOWS\System32\sechost.dll
0x00007ff8bdef0000 - 0x00007ff8be011000 	C:\WINDOWS\System32\RPCRT4.dll
0x00007ff8beb50000 - 0x00007ff8becb5000 	C:\WINDOWS\System32\USER32.dll
0x00007ff8bb780000 - 0x00007ff8bb79e000 	C:\WINDOWS\System32\win32u.dll
0x00007ff8bc260000 - 0x00007ff8bc294000 	C:\WINDOWS\System32\GDI32.dll
0x00007ff8bb540000 - 0x00007ff8bb6c2000 	C:\WINDOWS\System32\gdi32full.dll
0x00007ff8b27d0000 - 0x00007ff8b2a49000 	C:\WINDOWS\WinSxS\amd64_microsoft.windows.common-controls_6595b64144ccf1df_6.0.14393.447_none_42191651c6827bb3\COMCTL32.dll
0x00007ff8be3a0000 - 0x00007ff8be668000 	C:\WINDOWS\System32\combase.dll
0x00007ff8bc160000 - 0x00007ff8bc255000 	C:\WINDOWS\System32\ucrtbase.dll
0x00007ff8bb7a0000 - 0x00007ff8bb80a000 	C:\WINDOWS\System32\bcryptPrimitives.dll
0x00007ff8be9e0000 - 0x00007ff8bea0e000 	C:\WINDOWS\System32\IMM32.DLL
0x000000006fda0000 - 0x000000006fe72000 	D:\program files\Java\jdk1.8.0_31\jre\bin\msvcr100.dll
0x000000006f540000 - 0x000000006fd9a000 	D:\program files\Java\jdk1.8.0_31\jre\bin\server\jvm.dll
0x00007ff8bc8f0000 - 0x00007ff8bc8f8000 	C:\WINDOWS\System32\PSAPI.DLL
0x00007ff8a9e80000 - 0x00007ff8a9e89000 	C:\WINDOWS\SYSTEM32\WSOCK32.dll
0x00007ff8b9610000 - 0x00007ff8b9633000 	C:\WINDOWS\SYSTEM32\WINMM.dll
0x00007ff8bde80000 - 0x00007ff8bdeea000 	C:\WINDOWS\System32\WS2_32.dll
0x00007ff8b95e0000 - 0x00007ff8b960b000 	C:\WINDOWS\SYSTEM32\WINMMBASE.dll
0x00007ff8bb4f0000 - 0x00007ff8bb532000 	C:\WINDOWS\System32\cfgmgr32.dll
0x000000006f530000 - 0x000000006f53f000 	D:\program files\Java\jdk1.8.0_31\jre\bin\verify.dll
0x000000006f500000 - 0x000000006f528000 	D:\program files\Java\jdk1.8.0_31\jre\bin\java.dll
0x000000006f4e0000 - 0x000000006f4f6000 	D:\program files\Java\jdk1.8.0_31\jre\bin\zip.dll
0x00007ff8bc900000 - 0x00007ff8bde09000 	C:\WINDOWS\System32\SHELL32.dll
0x00007ff8bb810000 - 0x00007ff8bbeea000 	C:\WINDOWS\System32\windows.storage.dll
0x00007ff8bb170000 - 0x00007ff8bb1bc000 	C:\WINDOWS\System32\powrprof.dll
0x00007ff8be340000 - 0x00007ff8be392000 	C:\WINDOWS\System32\shlwapi.dll
0x00007ff8bb130000 - 0x00007ff8bb13f000 	C:\WINDOWS\System32\kernel.appcore.dll
0x00007ff8bb6d0000 - 0x00007ff8bb779000 	C:\WINDOWS\System32\shcore.dll
0x00007ff8bb140000 - 0x00007ff8bb154000 	C:\WINDOWS\System32\profapi.dll
0x00007ff8b3b90000 - 0x00007ff8b3b9f000 	D:\program files\Android\Android Studio2.3.2\bin\breakgen64.dll
0x000000006f4c0000 - 0x000000006f4da000 	D:\program files\Java\jdk1.8.0_31\jre\bin\net.dll
0x00007ff8ba8e0000 - 0x00007ff8ba93c000 	C:\WINDOWS\system32\mswsock.dll
0x000000006f4a0000 - 0x000000006f4b1000 	D:\program files\Java\jdk1.8.0_31\jre\bin\nio.dll
0x00007ff8a90a0000 - 0x00007ff8a90b6000 	C:\WINDOWS\system32\napinsp.dll
0x00007ff8a9080000 - 0x00007ff8a909a000 	C:\WINDOWS\system32\pnrpnsp.dll
0x00007ff8b8b40000 - 0x00007ff8b8b58000 	C:\WINDOWS\system32\NLAapi.dll
0x00007ff8ba6b0000 - 0x00007ff8ba750000 	C:\WINDOWS\SYSTEM32\DNSAPI.dll
0x00007ff8becc0000 - 0x00007ff8becc8000 	C:\WINDOWS\System32\NSI.dll
0x00007ff8ba670000 - 0x00007ff8ba6a8000 	C:\WINDOWS\SYSTEM32\IPHLPAPI.DLL
0x00007ff8a9070000 - 0x00007ff8a907e000 	C:\WINDOWS\System32\winrnr.dll
0x00007ff8a9050000 - 0x00007ff8a9065000 	C:\WINDOWS\System32\wshbth.dll
0x00007ff8b1e00000 - 0x00007ff8b1e0a000 	C:\Windows\System32\rasadhlp.dll
0x00007ff8b5c50000 - 0x00007ff8b5cba000 	C:\WINDOWS\System32\fwpuclnt.dll
0x00007ff8bace0000 - 0x00007ff8bad0b000 	C:\WINDOWS\SYSTEM32\bcrypt.dll
0x000000006f490000 - 0x000000006f49d000 	D:\program files\Java\jdk1.8.0_31\jre\bin\management.dll
0x0000000071720000 - 0x0000000071744000 	D:\program files\Java\jdk1.8.0_31\jre\bin\sunec.dll
0x00007ff8babd0000 - 0x00007ff8babe7000 	C:\WINDOWS\SYSTEM32\CRYPTSP.dll
0x00007ff8baae0000 - 0x00007ff8bab13000 	C:\WINDOWS\system32\rsaenh.dll
0x00007ff8ba760000 - 0x00007ff8ba77f000 	C:\WINDOWS\SYSTEM32\USERENV.dll
0x00007ff8babf0000 - 0x00007ff8babfb000 	C:\WINDOWS\SYSTEM32\CRYPTBASE.dll
0x00007ff8b67a0000 - 0x00007ff8b67b6000 	C:\WINDOWS\SYSTEM32\dhcpcsvc6.DLL
0x00007ff8b6780000 - 0x00007ff8b679a000 	C:\WINDOWS\SYSTEM32\dhcpcsvc.DLL
0x00007ff8aa140000 - 0x00007ff8aa2d2000 	C:\WINDOWS\SYSTEM32\dbghelp.dll

VM Arguments:
jvm_args: -Xverify:none -Xmx3g -DlicenseType=FREE -DuserEmail=515769618@qq.com -DserviceId=1497429821864 -DprojectJdk=D:/program files/Java/jdk1.8.0_31 -DgradleArguments=--configure-on-demand -DbundledM2RepoPath=D:\program files\Android\Android Studio2.3.2\gradle\m2repository -DmoduleGradlePath=:app -DlogsDir=C:\Users\Administrator\.jrebel-android\logs\com.zxg.mzitu -DdataDir=C:\Users\Administrator\.jrebel-android\data\com.zxg.mzitu -DprojectRandomId=mo2rGWwDiIfIBdeCMQWXiEFZnBmE1119TtoiJlr54Hw= -DapplicationBuildVariant=debug -DprojectRoot=D:/git_app/Mzitu -XX:+PrintGCDetails -XX:+PrintGCDateStamps -XX:+PrintGCTimeStamps -Xloggc:C:\Users\Administrator\.jrebel-android\logs\com.zxg.mzitu\jr-android-gc.log -Ddevice=emulator-5554 -DdeviceDensity=420 -DdeviceAbis=x86 -DdeviceVersion=23 -DideAndServiceCommunicationPort=57030 -DattachDebugger=true -DjrebelAndroidHomeDir=C:\Users\Administrator\.jrebel-android -Didea.launcher.port=7534 -Didea.launcher.bin.path=D:\program files\Android\Android Studio2.3.2\bin -Dfile.encoding=GBK 
java_command: com.intellij.rt.execution.application.AppMain com.zt.jrebel.android.service.boot.ServiceBoot
java_class_path (initial): C:\Users\Administrator\.jrebel-android\distributions\2.2.36_20170613113626\jr-android.jar;D:\program files\Android\Android Studio2.3.2\lib\idea_rt.jar
Launcher Type: SUN_STANDARD

Environment Variables:
JAVA_HOME=D:/program files/Java/jdk1.8.0_31
CLASSPATH=.;D:\program files\Java\jdk1.8.0_31\lib;D:\program files\Java\jdk1.8.0_31\lib\tools.jar
PATH=D:\Programs\Python\Python35\Scripts\;D:\Programs\Python\Python35\;C:\ProgramData\Oracle\Java\javapath;C:\PROGRAM FILES\DELL\DW WLAN CARD;C:\WINDOWS\SYSTEM32;C:\WINDOWS;C:\WINDOWS\SYSTEM32\WBEM;C:\WINDOWS\SYSTEM32\WINDOWSPOWERSHELL\V1.0\;C:\PROGRAM FILES (X86)\NVIDIA CORPORATION\PHYSX\COMMON;C:\WINDOWS\SYSTEM32;C:\WINDOWS;C:\WINDOWS\SYSTEM32\WBEM;C:\WINDOWS\SYSTEM32\WINDOWSPOWERSHELL\V1.0\;D:\program files\Java\jdk1.8.0_31\BIN;D:\program files\Java\jdk1.8.0_31\JRE\BIN;C:\Program Files\WIDCOMM\Bluetooth Software\;C:\Program Files\WIDCOMM\Bluetooth Software\syswow64;F:\mysql-5.6.24-winx64\bin;C:\WINDOWS\system32;C:\WINDOWS;C:\WINDOWS\System32\Wbem;C:\WINDOWS\System32\WindowsPowerShell\v1.0\;D:\sdk\platform-tools;E:\Program Files (x86)\Git\cmd;C:\Program Files (x86)\Windows Kits\8.1\Windows Performance Toolkit\;¡°;D:\program files\Apache Software Foundation\apache-maven-3.5.0\bin¡±;D:\Program Files\VanDyke Software\Clients\;E:\Program File\Python\Scripts\;E:\Program File\Python\;C:\Users\Administrator\AppData\Local\Microsoft\WindowsApps;
USERNAME=Administrator
OS=Windows_NT
PROCESSOR_IDENTIFIER=Intel64 Family 6 Model 61 Stepping 4, GenuineIntel



---------------  S Y S T E M  ---------------

OS: Windows 8.1 , 64 bit Build 9600 

CPU:total 4 (2 cores per cpu, 2 threads per core) family 6 model 61 stepping 4, cmov, cx8, fxsr, mmx, sse, sse2, sse3, ssse3, sse4.1, sse4.2, popcnt, avx, avx2, aes, clmul, erms, lzcnt, ht, tsc, tscinvbit, bmi1, bmi2

Memory: 4k page, physical 8297712k(2170184k free), swap 13540592k(908k free)

vm_info: Java HotSpot(TM) 64-Bit Server VM (25.31-b07) for windows-amd64 JRE (1.8.0_31-b13), built on Dec 17 2014 21:00:28 by "java_re" with MS VC++ 10.0 (VS2010)

time: Wed Jun 14 16:43:43 2017
elapsed time: 1 seconds (0d 0h 0m 1s)

